
> golf-club-calculator@0.1.0 dev
> next dev --turbopack

 ⚠ Warning: Found multiple lockfiles. Selecting /Users/kazarichuk/package-lock.json.
   Consider removing the lockfiles at:
   * /Users/kazarichuk/golf-club-calculator/package-lock.json

 ⚠ Port 3000 is in use by process 1000
64873, using available port 3001 instead.
   ▲ Next.js 15.4.6 (Turbopack)
   - Local:        http://localhost:3001
   - Network:      http://192.168.2.102:3001
   - Environments: .env.local, .env
   - Experiments (use with caution):
     ✓ typedRoutes

 ✓ Starting...
 ✓ Ready in 930ms
 ⨯ You are using configuration and/or tools that are not yet
supported by Next.js with Turbopack:


- Unsupported Next.js configuration option(s) (next.config.js)
  To use Turbopack, remove the following configuration options:
    - experimental.typedRoutes


If you cannot make the changes above, but still want to try out
Next.js with Turbopack, create the Next.js playground app
by running the following commands:

  npx create-next-app --example with-turbopack with-turbopack-app
  cd with-turbopack-app
  npm run dev
        
 ⚠ Learn more about Next.js and Turbopack: https://nextjs.org/docs/architecture/turbopack

[?25h
